[    0.000000] Initializing cgroup subsys cpuset
[    0.000000] Initializing cgroup subsys cpu
[    0.000000] Initializing cgroup subsys cpuacct
[    0.000000] Linux version 4.4.0-139-generic (buildd@lcy01-amd64-006) (gcc version 5.4.0 20160609 (Ubuntu 5.4.0-6ubuntu1~16.04.10) ) #165-Ubuntu SMP Wed Oct 24 10:58:50 UTC 2018 (Ubuntu 4.4.0-139.165-generic 4.4.160)
[    0.000000] Command line: BOOT_IMAGE=/boot/vmlinuz-4.4.0-139-generic root=UUID=fc9a41df-6d71-4f4f-a487-e5999bd67182 ro console=tty1 console=ttyS0
[    0.000000] KERNEL supported cpus:
[    0.000000]   Intel GenuineIntel
[    0.000000]   AMD AuthenticAMD
[    0.000000]   Centaur CentaurHauls
[    0.000000] ------------[ cut here ]------------
[    0.000000] WARNING: CPU: 0 PID: 0 at /build/linux-PrHwV2/linux-4.4.0/arch/x86/kernel/fpu/xstate.c:517 fpu__init_system_xstate+0x37e/0x764()
[    0.000000] XSAVE consistency problem, dumping leaves
[    0.000000] Modules linked in:
[    0.000000] CPU: 0 PID: 0 Comm: swapper Not tainted 4.4.0-139-generic #165-Ubuntu
[    0.000000]  0000000000000086 ed68c084fe700f01 ffffffff81e03d70 ffffffff81405543
[    0.000000]  ffffffff81e03db8 ffffffff81cad648 ffffffff81e03da8 ffffffff810850d2
[    0.000000]  0000000000000008 0000000000000340 0000000000000100 ffffffff81e03e3c
[    0.000000] Call Trace:
[    0.000000]  [<ffffffff81405543>] dump_stack+0x63/0x90
[    0.000000]  [<ffffffff810850d2>] warn_slowpath_common+0x82/0xc0
[    0.000000]  [<ffffffff8108516c>] warn_slowpath_fmt+0x5c/0x80
[    0.000000]  [<ffffffff81080be4>] ? xfeature_size+0x59/0x77
[    0.000000]  [<ffffffff81f731e3>] fpu__init_system_xstate+0x37e/0x764
[    0.000000]  [<ffffffff81f63120>] ? early_idt_handler_array+0x120/0x120
[    0.000000]  [<ffffffff81f72bec>] fpu__init_system+0x1e7/0x28e
[    0.000000]  [<ffffffff81f73db1>] early_cpu_init+0x1fb/0x201
[    0.000000]  [<ffffffff81f73db1>] ? early_cpu_init+0x1fb/0x201
[    0.000000]  [<ffffffff81f6f19b>] setup_arch+0xc0/0xd1f
[    0.000000]  [<ffffffff81f63120>] ? early_idt_handler_array+0x120/0x120
[    0.000000]  [<ffffffff81f63c75>] start_kernel+0xe2/0x4a4
[    0.000000]  [<ffffffff81f63120>] ? early_idt_handler_array+0x120/0x120
[    0.000000]  [<ffffffff81f63339>] x86_64_start_reservations+0x2a/0x2c
[    0.000000]  [<ffffffff81f63485>] x86_64_start_kernel+0x14a/0x16d
[    0.000000] ---[ end trace 4d5ff9f2f68c4233 ]---
[    0.000000] CPUID[0d, 00]: eax=00000007 ebx=00000440 ecx=00000440 edx=00000000
[    0.000000] CPUID[0d, 01]: eax=00000000 ebx=00000440 ecx=00000000 edx=00000000
[    0.000000] CPUID[0d, 02]: eax=00000100 ebx=00000240 ecx=00000000 edx=00000000
[    0.000000] CPUID[0d, 03]: eax=00000000 ebx=00000000 ecx=00000000 edx=00000000
[    0.000000] CPUID[0d, 04]: eax=00000000 ebx=00000000 ecx=00000000 edx=00000000
[    0.000000] CPUID[0d, 05]: eax=00000000 ebx=00000000 ecx=00000000 edx=00000000
[    0.000000] CPUID[0d, 06]: eax=00000000 ebx=00000000 ecx=00000000 edx=00000000
[    0.000000] CPUID[0d, 07]: eax=00000000 ebx=00000000 ecx=00000000 edx=00000000
[    0.000000] CPUID[0d, 08]: eax=00000000 ebx=00000000 ecx=00000000 edx=00000000
[    0.000000] CPUID[0d, 09]: eax=00000000 ebx=00000000 ecx=00000000 edx=00000000
[    0.000000] CPUID[0d, 0a]: eax=00000000 ebx=00000000 ecx=00000000 edx=00000000
[    0.000000] CPUID[0d, 0b]: eax=00000000 ebx=00000000 ecx=00000000 edx=00000000
[    0.000000] CPUID[0d, 0c]: eax=00000000 ebx=00000000 ecx=00000000 edx=00000000
[    0.000000] CPUID[0d, 0d]: eax=00000000 ebx=00000000 ecx=00000000 edx=00000000
[    0.000000] CPUID[0d, 0e]: eax=00000000 ebx=00000000 ecx=00000000 edx=00000000
[    0.000000] CPUID[0d, 0f]: eax=00000000 ebx=00000000 ecx=00000000 edx=00000000
[    0.000000] CPUID[0d, 10]: eax=00000000 ebx=00000000 ecx=00000000 edx=00000000
[    0.000000] CPUID[0d, 11]: eax=00000000 ebx=00000000 ecx=00000000 edx=00000000
[    0.000000] x86/fpu: xstate_offset[2]:  576, xstate_sizes[2]:  256
[    0.000000] x86/fpu: Supporting XSAVE feature 0x01: 'x87 floating point registers'
[    0.000000] x86/fpu: Supporting XSAVE feature 0x02: 'SSE registers'
[    0.000000] x86/fpu: Supporting XSAVE feature 0x04: 'AVX registers'
[    0.000000] x86/fpu: Enabled xstate features 0x7, context size is 1088 bytes, using 'standard' format.
[    0.000000] e820: BIOS-provided physical RAM map:
[    0.000000] BIOS-e820: [mem 0x0000000000000000-0x000000000009fbff] usable
[    0.000000] BIOS-e820: [mem 0x000000000009fc00-0x000000000009ffff] reserved
[    0.000000] BIOS-e820: [mem 0x00000000000f0000-0x00000000000fffff] reserved
[    0.000000] BIOS-e820: [mem 0x0000000000100000-0x000000001ffeffff] usable
[    0.000000] BIOS-e820: [mem 0x000000001fff0000-0x000000001fffffff] ACPI data
[    0.000000] BIOS-e820: [mem 0x00000000fec00000-0x00000000fec00fff] reserved
[    0.000000] BIOS-e820: [mem 0x00000000fee00000-0x00000000fee00fff] reserved
[    0.000000] BIOS-e820: [mem 0x00000000fffc0000-0x00000000ffffffff] reserved
[    0.000000] NX (Execute Disable) protection: active
[    0.000000] SMBIOS 2.5 present.
[    0.000000] Hypervisor detected: KVM
[    0.000000] e820: last_pfn = 0x1fff0 max_arch_pfn = 0x400000000
[    0.000000] MTRR: Disabled
[    0.000000] x86/PAT: MTRRs disabled, skipping PAT initialization too.
[    0.000000] CPU MTRRs all blank - virtualized system.
[    0.000000] x86/PAT: Configuration [0-7]: WB  WT  UC- UC  WB  WT  UC- UC  
[    0.000000] found SMP MP-table at [mem 0x0009fff0-0x0009ffff] mapped at [ffff88000009fff0]
[    0.000000] Scanning 1 areas for low memory corruption
[    0.000000] RAMDISK: [mem 0x1e804000-0x1f704fff]
[    0.000000] ACPI: Early table checksum verification disabled
[    0.000000] ACPI: RSDP 0x00000000000E0000 000024 (v02 VBOX  )
[    0.000000] ACPI: XSDT 0x000000001FFF0030 00003C (v01 VBOX   VBOXXSDT 00000001 ASL  00000061)
[    0.000000] ACPI: FACP 0x000000001FFF00F0 0000F4 (v04 VBOX   VBOXFACP 00000001 ASL  00000061)
[    0.000000] ACPI: DSDT 0x000000001FFF0470 0021C8 (v02 VBOX   VBOXBIOS 00000002 INTL 20100528)
[    0.000000] ACPI: FACS 0x000000001FFF0200 000040
[    0.000000] ACPI: FACS 0x000000001FFF0200 000040
[    0.000000] ACPI: APIC 0x000000001FFF0240 00005C (v02 VBOX   VBOXAPIC 00000001 ASL  00000061)
[    0.000000] ACPI: SSDT 0x000000001FFF02A0 0001CC (v01 VBOX   VBOXCPUT 00000002 INTL 20100528)
[    0.000000] No NUMA configuration found
[    0.000000] Faking a node at [mem 0x0000000000000000-0x000000001ffeffff]
[    0.000000] NODE_DATA(0) allocated [mem 0x1ffeb000-0x1ffeffff]
[    0.000000] kvm-clock: Using msrs 4b564d01 and 4b564d00
[    0.000000] kvm-clock: cpu 0, msr 0:1ffe3001, primary cpu clock
[    0.000000] kvm-clock: using sched offset of 6324100435 cycles
[    0.000000] clocksource: kvm-clock: mask: 0xffffffffffffffff max_cycles: 0x1cd42e4dffb, max_idle_ns: 881590591483 ns
[    0.000000] Zone ranges:
[    0.000000]   DMA      [mem 0x0000000000001000-0x0000000000ffffff]
[    0.000000]   DMA32    [mem 0x0000000001000000-0x000000001ffeffff]
[    0.000000]   Normal   empty
[    0.000000]   Device   empty
[    0.000000] Movable zone start for each node
[    0.000000] Early memory node ranges
[    0.000000]   node   0: [mem 0x0000000000001000-0x000000000009efff]
[    0.000000]   node   0: [mem 0x0000000000100000-0x000000001ffeffff]
[    0.000000] Initmem setup node 0 [mem 0x0000000000001000-0x000000001ffeffff]
[    0.000000] ACPI: PM-Timer IO Port: 0x4008
[    0.000000] IOAPIC[0]: apic_id 2, version 32, address 0xfec00000, GSI 0-23
[    0.000000] ACPI: INT_SRC_OVR (bus 0 bus_irq 0 global_irq 2 dfl dfl)
[    0.000000] ACPI: INT_SRC_OVR (bus 0 bus_irq 9 global_irq 9 high level)
[    0.000000] Using ACPI (MADT) for SMP configuration information
[    0.000000] smpboot: Allowing 2 CPUs, 0 hotplug CPUs
[    0.000000] PM: Registered nosave memory: [mem 0x00000000-0x00000fff]
[    0.000000] PM: Registered nosave memory: [mem 0x0009f000-0x0009ffff]
[    0.000000] PM: Registered nosave memory: [mem 0x000a0000-0x000effff]
[    0.000000] PM: Registered nosave memory: [mem 0x000f0000-0x000fffff]
[    0.000000] e820: [mem 0x20000000-0xfebfffff] available for PCI devices
[    0.000000] Booting paravirtualized kernel on KVM
[    0.000000] clocksource: refined-jiffies: mask: 0xffffffff max_cycles: 0xffffffff, max_idle_ns: 7645519600211568 ns
[    0.000000] setup_percpu: NR_CPUS:512 nr_cpumask_bits:512 nr_cpu_ids:2 nr_node_ids:1
[    0.000000] PERCPU: Embedded 34 pages/cpu @ffff88001fc00000 s99608 r8192 d31464 u1048576
[    0.000000] PV qspinlock hash table entries: 256 (order: 0, 4096 bytes)
[    0.000000] Built 1 zonelists in Node order, mobility grouping on.  Total pages: 128888
[    0.000000] Policy zone: DMA32
[    0.000000] Kernel command line: BOOT_IMAGE=/boot/vmlinuz-4.4.0-139-generic root=UUID=fc9a41df-6d71-4f4f-a487-e5999bd67182 ro console=tty1 console=ttyS0
[    0.000000] PID hash table entries: 2048 (order: 2, 16384 bytes)
[    0.000000] Memory: 481060K/523832K available (8564K kernel code, 1314K rwdata, 4004K rodata, 1528K init, 1316K bss, 42772K reserved, 0K cma-reserved)
[    0.000000] SLUB: HWalign=64, Order=0-3, MinObjects=0, CPUs=2, Nodes=1
[    0.000000] Kernel/User page tables isolation: enabled
[    0.000000] Hierarchical RCU implementation.
[    0.000000] 	Build-time adjustment of leaf fanout to 64.
[    0.000000] 	RCU restricting CPUs from NR_CPUS=512 to nr_cpu_ids=2.
[    0.000000] RCU: Adjusting geometry for rcu_fanout_leaf=64, nr_cpu_ids=2
[    0.000000] NR_IRQS:33024 nr_irqs:440 16
[    0.000000] Console: colour VGA+ 80x25
[    0.000000] console [tty1] enabled
[    0.000000] console [ttyS0] enabled
[    0.000000] tsc: Detected 2808.004 MHz processor
[   32.353470] Calibrating delay loop (skipped) preset value.. 5616.00 BogoMIPS (lpj=11232016)
[   32.645489] pid_max: default: 32768 minimum: 301
[   32.812009] ACPI: Core revision 20150930
[   32.941585] ACPI: 2 ACPI AML tables successfully acquired and loaded
[   33.167379] Security Framework initialized
[   33.322140] Yama: becoming mindful.
[   33.448347] AppArmor: AppArmor initialized
[   33.593902] Dentry cache hash table entries: 65536 (order: 7, 524288 bytes)
[   33.852419] Inode-cache hash table entries: 32768 (order: 6, 262144 bytes)
[   34.108972] Mount-cache hash table entries: 1024 (order: 1, 8192 bytes)
[   34.344953] Mountpoint-cache hash table entries: 1024 (order: 1, 8192 bytes)
[   34.585946] Initializing cgroup subsys io
[   34.719582] Initializing cgroup subsys memory
[   34.876467] Initializing cgroup subsys devices
[   35.033228] Initializing cgroup subsys freezer
[   35.175474] Initializing cgroup subsys net_cls
[   35.349097] Initializing cgroup subsys perf_event
[   35.527289] Initializing cgroup subsys net_prio
[   35.683452] Initializing cgroup subsys hugetlb
[   35.846112] Initializing cgroup subsys pids
[   36.004401] mce: CPU supports 0 MCE banks
[   36.148864] Last level iTLB entries: 4KB 64, 2MB 8, 4MB 8
[   36.348064] Last level dTLB entries: 4KB 64, 2MB 0, 4MB 0, 1GB 4
[   36.568914] Spectre V2 : Mitigation: Full generic retpoline
[   36.773468] Spectre V2 : Spectre v2 mitigation: Speculation control IBPB not-supported IBRS not-supported
[   37.117400] Spectre V2 : Spectre v2 / SpectreRSB mitigation: Filling RSB on context switch
[   37.426641] Speculative Store Bypass: Vulnerable
[   37.600947] Freeing SMP alternatives memory: 32K
[   37.771327] ftrace: allocating 32278 entries in 127 pages
[   38.052992] smpboot: APIC(0) Converting physical 0 to logical package 0
[   38.297147] smpboot: Max logical packages: 1
[   38.453079] x2apic enabled
[   38.554734] Switched APIC routing to physical x2apic.
[   38.732609] ..TIMER: vector=0x30 apic1=0 pin1=2 apic2=-1 pin2=-1
[   39.062108] smpboot: CPU0: Intel(R) Core(TM) i7-7700HQ CPU @ 2.80GHz (family: 0x6, model: 0x9e, stepping: 0x9)
[   39.402904] Performance Events: unsupported p6 CPU model 158 no PMU driver, software events only.
[   39.715397] KVM setup paravirtual spinlock
[   39.874215] x86: Booting SMP configuration:
[   40.019386] .... node  #0, CPUs:      #1
[   40.152721] kvm-clock: cpu 1, msr 0:1ffe3041, secondary cpu clock
[   40.364295] mce: CPU supports 0 MCE banks
[   40.490354] x86: Booted up 1 node, 2 CPUs
[   40.649255] smpboot: Total of 2 processors activated (11232.01 BogoMIPS)
[   40.899734] devtmpfs: initialized
[   41.020586] evm: security.selinux
[   41.144558] evm: security.SMACK64
[   41.256711] evm: security.SMACK64EXEC
[   41.383039] evm: security.SMACK64TRANSMUTE
[   41.528519] evm: security.SMACK64MMAP
[   41.643299] evm: security.ima
[   41.749447] evm: security.capability
[   41.871036] clocksource: jiffies: mask: 0xffffffff max_cycles: 0xffffffff, max_idle_ns: 7645041785100000 ns
[   42.185106] futex hash table entries: 512 (order: 3, 32768 bytes)
[   42.402177] pinctrl core: initialized pinctrl subsystem
[   42.589229] RTC time: 18:24:11, date: 12/11/18
[   42.733899] NET: Registered protocol family 16
[   42.900590] cpuidle: using governor ladder
[   43.060745] cpuidle: using governor menu
[   43.202428] PCCT header not found.
[   43.323259] ACPI: bus type PCI registered
[   43.447200] acpiphp: ACPI Hot Plug PCI Controller Driver version: 0.5
[   43.674042] PCI: Using configuration type 1 for base access
[   43.897362] ACPI: Added _OSI(Module Device)
[   44.048353] ACPI: Added _OSI(Processor Device)
[   44.210905] ACPI: Added _OSI(3.0 _SCP Extensions)
[   44.378367] ACPI: Added _OSI(Processor Aggregator Device)
[   44.567566] ACPI: Executed 1 blocks of module-level executable AML code
[   44.801492] ACPI: Interpreter enabled
[   44.914212] ACPI: (supports S0 S5)
[   45.023887] ACPI: Using IOAPIC for interrupt routing
[   45.201212] PCI: Using host bridge windows from ACPI; if necessary, use "pci=nocrs" and report a bug
[   45.524478] ACPI: PCI Root Bridge [PCI0] (domain 0000 [bus 00-ff])
[   45.738499] acpi PNP0A03:00: _OSC: OS supports [ASPM ClockPM Segments MSI]
[   45.996031] acpi PNP0A03:00: _OSC failed (AE_NOT_FOUND); disabling ASPM
[   46.229357] acpi PNP0A03:00: fail to add MMCONFIG information, can't access extended PCI configuration space under this bridge.
[   46.646963] PCI host bridge to bus 0000:00
[   46.791378] pci_bus 0000:00: root bus resource [io  0x0000-0x0cf7 window]
[   47.033751] pci_bus 0000:00: root bus resource [io  0x0d00-0xffff window]
[   47.274185] pci_bus 0000:00: root bus resource [mem 0x000a0000-0x000bffff window]
[   47.537313] pci_bus 0000:00: root bus resource [mem 0x20000000-0xffdfffff window]
[   47.812188] pci_bus 0000:00: root bus resource [bus 00-ff]
[   48.019075] pci 0000:00:01.1: legacy IDE quirk: reg 0x10: [io  0x01f0-0x01f7]
[   48.274917] pci 0000:00:01.1: legacy IDE quirk: reg 0x14: [io  0x03f6]
[   48.506595] pci 0000:00:01.1: legacy IDE quirk: reg 0x18: [io  0x0170-0x0177]
[   48.757595] pci 0000:00:01.1: legacy IDE quirk: reg 0x1c: [io  0x0376]
[   49.002268] pci 0000:00:07.0: quirk: [io  0x4000-0x403f] claimed by PIIX4 ACPI
[   49.245145] pci 0000:00:07.0: quirk: [io  0x4100-0x410f] claimed by PIIX4 SMB
[   49.526791] ACPI: PCI Interrupt Link [LNKA] (IRQs 5 9 10 *11)
[   49.710231] ACPI: PCI Interrupt Link [LNKB] (IRQs 5 9 10 *11)
[   49.889749] ACPI: PCI Interrupt Link [LNKC] (IRQs 5 9 *10 11)
[   50.090484] ACPI: PCI Interrupt Link [LNKD] (IRQs 5 *9 10 11)
[   50.271162] ACPI: Enabled 2 GPEs in block 00 to 07
[   50.445058] vgaarb: setting as boot device: PCI:0000:00:02.0
[   50.640275] vgaarb: device added: PCI:0000:00:02.0,decodes=io+mem,owns=io+mem,locks=none
[   50.933049] vgaarb: loaded
[   51.023896] vgaarb: bridge control possible 0000:00:02.0
[   51.222179] SCSI subsystem initialized
[   51.357700] ACPI: bus type USB registered
[   51.497059] usbcore: registered new interface driver usbfs
[   51.696527] usbcore: registered new interface driver hub
[   51.875195] usbcore: registered new device driver usb
[   52.056531] PCI: Using ACPI for IRQ routing
[   52.206653] NetLabel: Initializing
[   52.327120] NetLabel:  domain hash size = 128
[   52.486020] NetLabel:  protocols = UNLABELED CIPSOv4
[   52.669535] NetLabel:  unlabeled traffic allowed by default
[   52.871465] amd_nb: Cannot enumerate AMD northbridges
[   53.058990] clocksource: Switched to clocksource kvm-clock
[   53.280017] AppArmor: AppArmor Filesystem Enabled
[   53.454509] pnp: PnP ACPI init
[   53.570664] pnp: PnP ACPI: found 3 devices
[   53.731965] clocksource: acpi_pm: mask: 0xffffff max_cycles: 0xffffff, max_idle_ns: 2085701024 ns
[   54.082331] NET: Registered protocol family 2
[   54.263906] TCP established hash table entries: 4096 (order: 3, 32768 bytes)
[   54.579435] TCP bind hash table entries: 4096 (order: 4, 65536 bytes)
[   54.833313] TCP: Hash tables configured (established 4096 bind 4096)
[   55.034069] UDP hash table entries: 256 (order: 1, 8192 bytes)
[   55.272233] UDP-Lite hash table entries: 256 (order: 1, 8192 bytes)
[   55.535028] NET: Registered protocol family 1
[   55.713104] pci 0000:00:00.0: Limiting direct PCI/PCI transfers
[   55.959377] pci 0000:00:01.0: Activating ISA DMA hang workarounds
[   56.179657] Unpacking initramfs...
[   56.752985] Freeing initrd memory: 15364K
[   56.896087] platform rtc_cmos: registered platform RTC device (no PNP device found)
[   57.170188] Scanning for low memory corruption every 60 seconds
[   57.414748] audit: initializing netlink subsys (disabled)
[   57.630440] audit: type=2000 audit(1544552623.109:1): initialized
[   57.877186] Initialise system trusted keyring
[   58.053113] tsc: Refined TSC clocksource calibration: 2809.063 MHz
[   58.312803] clocksource: tsc: mask: 0xffffffffffffffff max_cycles: 0x287db23ef9c, max_idle_ns: 440795263386 ns
[   58.313062] HugeTLB registered 2 MB page size, pre-allocated 0 pages
[   58.316819] zbud: loaded
[   58.317469] VFS: Disk quotas dquot_6.6.0
[   58.317522] VFS: Dquot-cache hash table entries: 512 (order 0, 4096 bytes)
[   58.318022] squashfs: version 4.0 (2009/01/31) Phillip Lougher
[   58.745356] fuse init (API version 7.23)
[   58.745659] Key type big_key registered
[   58.745683] Allocating IMA MOK and blacklist keyrings.
[   58.746073] Key type asymmetric registered
[   58.746077] Asymmetric key parser 'x509' registered
[   58.746138] Block layer SCSI generic (bsg) driver version 0.4 loaded (major 249)
[   58.746176] io scheduler noop registered
[   58.746180] io scheduler deadline registered (default)
[   58.746231] io scheduler cfq registered
[   58.746403] pci_hotplug: PCI Hot Plug PCI Core version: 0.5
[   58.746414] pciehp: PCI Express Hot Plug Controller Driver version: 0.4
[   58.746671] ACPI: AC Adapter [AC] (off-line)
[   58.746768] input: Power Button as /devices/LNXSYSTM:00/LNXPWRBN:00/input/input0
[   58.746772] ACPI: Power Button [PWRF]
[   58.746901] input: Sleep Button as /devices/LNXSYSTM:00/LNXSLPBN:00/input/input1
[   58.746904] ACPI: Sleep Button [SLPF]
[   58.747147] GHES: HEST is not enabled!
[   58.748516] ACPI: Battery Slot [BAT0] (battery present)
[   58.748580] Serial: 8250/16550 driver, 32 ports, IRQ sharing enabled
[   59.046015] 00:02: ttyS0 at I/O 0x3f8 (irq = 4, base_baud = 115200) is a 16550A
[   59.156348] Linux agpgart interface v0.103
[   59.275363] loop: module loaded
[   59.276319] scsi host0: ata_piix
[   59.276423] scsi host1: ata_piix
[   59.276481] ata1: PATA max UDMA/33 cmd 0x1f0 ctl 0x3f6 bmdma 0xd000 irq 14
[   59.276483] ata2: PATA max UDMA/33 cmd 0x170 ctl 0x376 bmdma 0xd008 irq 15
[   59.276641] libphy: Fixed MDIO Bus: probed
[   59.276646] tun: Universal TUN/TAP device driver, 1.6
[   59.276647] tun: (C) 1999-2004 Max Krasnyansky <maxk@qualcomm.com>
[   59.277186] PPP generic driver version 2.4.2
[   59.277281] ehci_hcd: USB 2.0 'Enhanced' Host Controller (EHCI) Driver
[   59.277287] ehci-pci: EHCI PCI platform driver
[   59.277303] ehci-platform: EHCI generic platform driver
[   59.277317] ohci_hcd: USB 1.1 'Open' Host Controller (OHCI) Driver
[   59.277322] ohci-pci: OHCI PCI platform driver
[   59.277338] ohci-platform: OHCI generic platform driver
[   59.277352] uhci_hcd: USB Universal Host Controller Interface driver
[   59.277439] i8042: PNP: PS/2 Controller [PNP0303:PS2K,PNP0f03:PS2M] at 0x60,0x64 irq 1,12
[   59.278234] serio: i8042 KBD port at 0x60,0x64 irq 1
[   59.278241] serio: i8042 AUX port at 0x60,0x64 irq 12
[   59.278416] mousedev: PS/2 mouse device common for all mice
[   59.278976] input: AT Translated Set 2 keyboard as /devices/platform/i8042/serio0/input/input2
[   59.279635] rtc_cmos rtc_cmos: rtc core: registered rtc_cmos as rtc0
[   59.279748] rtc_cmos rtc_cmos: alarms up to one day, 114 bytes nvram
[   59.279761] i2c /dev entries driver
[   59.279846] device-mapper: uevent: version 1.0.3
[   59.279939] device-mapper: ioctl: 4.34.0-ioctl (2015-10-28) initialised: dm-devel@redhat.com
[   59.279975] ledtrig-cpu: registered to indicate activity on CPUs
[   59.280937] NET: Registered protocol family 10
[   59.281161] NET: Registered protocol family 17
[   59.281182] Key type dns_resolver registered
[   59.281589] registered taskstats version 1
[   59.281611] Loading compiled-in X.509 certificates
[   59.282869] Loaded X.509 cert 'Build time autogenerated kernel key: a88b0f663ecfd40e6a501dee2f0b211d51902e35'
[   59.282904] zswap: loaded using pool lzo/zbud
[   59.285944] Key type trusted registered
[   59.291583] Key type encrypted registered
[   59.291591] AppArmor: AppArmor sha1 policy hashing enabled
[   59.291595] ima: No TPM chip found, activating TPM-bypass!
[   59.291602] ima: Allocated hash algorithm: sha1
[   59.291618] evm: HMAC attrs: 0x1
[   59.292279]   Magic number: 14:148:443
[   59.454464] rtc_cmos rtc_cmos: setting system clock to 2018-12-11 18:24:28 UTC (1544552668)
[   59.454681] BIOS EDD facility v0.16 2004-Jun-25, 0 devices found
[   59.454682] EDD information not available.
[   72.888636] Freeing unused kernel memory: 1528K
[   73.083216] Write protecting the kernel read-only data: 14336k
[   73.314525] Freeing unused kernel memory: 1664K
[   73.495766] Freeing unused kernel memory: 92K
Loading, please wait...
[   73.708234] random: systemd-udevd: uninitialized urandom read (16 bytes read, 7 bits of entropy available)
starting version[   73.709388] random: udevadm: uninitialized urandom read (16 bytes read, 7 bits of entropy available)
 229
[   73.709431] random: udevadm: uninitialized urandom read (16 bytes read, 7 bits of entropy available)
[   73.728812] random: udevadm: uninitialized urandom read (16 bytes read, 7 bits of entropy available)
[   73.728904] random: udevadm: uninitialized urandom read (16 bytes read, 7 bits of entropy available)
[   73.729290] random: udevadm: uninitialized urandom read (16 bytes read, 7 bits of entropy available)
[   73.729443] random: udevadm: uninitialized urandom read (16 bytes read, 7 bits of entropy available)
[   73.729600] random: udevadm: uninitialized urandom read (16 bytes read, 7 bits of entropy available)
[   73.729718] random: udevadm: uninitialized urandom read (16 bytes read, 7 bits of entropy available)
[   73.729835] random: udevadm: uninitialized urandom read (16 bytes read, 7 bits of entropy available)
[   77.175270] e1000: Intel(R) PRO/1000 Network Driver - version 7.3.21-k8-NAPI
[   77.419301] e1000: Copyright (c) 1999-2006 Intel Corporation.
[   77.631482] Fusion MPT base driver 3.04.20
[   77.773039] Copyright (c) 1999-2008 LSI Corporation
[   77.940164] AVX version of gcm_enc/dec engaged.
[   78.098409] AES CTR mode by8 optimization enabled
[   78.288145] Fusion MPT SPI Host driver 3.04.20
[   78.479958] input: ImExPS/2 Generic Explorer Mouse as /devices/platform/i8042/serio1/input/input4
[   78.676641] e1000 0000:00:03.0 eth0: (PCI:33MHz:32-bit) 02:f9:a5:f1:f1:2b
[   78.676648] e1000 0000:00:03.0 eth0: Intel(R) PRO/1000 Network Connection
[   78.677660] mptbase: ioc0: Initiating bringup
[   78.739466] ioc0: LSI53C1030 A0: Capabilities={Initiator}
[   79.633355] scsi host2: ioc0: LSI53C1030 A0, FwRev=00000000h, Ports=1, MaxQ=256, IRQ=20
[   80.104013] scsi 2:0:0:0: Direct-Access     VBOX     HARDDISK         1.0  PQ: 0 ANSI: 5
[   80.391380] scsi target2:0:0: Beginning Domain Validation
[   80.532511] scsi target2:0:0: Domain Validation skipping write tests
[   80.679066] scsi target2:0:0: Ending Domain Validation
[   80.680095] e1000 0000:00:08.0 eth1: (PCI:33MHz:32-bit) 08:00:27:b5:62:16
[   80.680102] e1000 0000:00:08.0 eth1: Intel(R) PRO/1000 Network Connection
[   81.084020] e1000 0000:00:03.0 enp0s3: renamed from eth0
[   81.543445] scsi target2:0:0: asynchronous
[   81.658751] scsi 2:0:1:0: Direct-Access     VBOX     HARDDISK         1.0  PQ: 0 ANSI: 5
[   81.659618] e1000 0000:00:08.0 enp0s8: renamed from eth1
[   82.132096] scsi target2:0:1: Beginning Domain Validation
[   82.352763] scsi target2:0:1: Domain Validation skipping write tests
[   82.608886] scsi target2:0:1: Ending Domain Validation
[   82.802884] scsi target2:0:1: asynchronous
[   82.988011] sd 2:0:0:0: Attached scsi generic sg0 type 0
[   82.988246] sd 2:0:0:0: [sda] 20971520 512-byte logical blocks: (10.7 GB/10.0 GiB)
[   82.988636] sd 2:0:0:0: [sda] Write Protect is off
[   82.988890] sd 2:0:0:0: [sda] Incomplete mode parameter data
[   82.988893] sd 2:0:0:0: [sda] Assuming drive cache: write through
[   82.990988]  sda: sda1
[   82.992455] sd 2:0:0:0: [sda] Attached SCSI disk
[   84.416603] sd 2:0:1:0: [sdb] 20480 512-byte logical blocks: (10.5 MB/10.0 MiB)
[   84.689649] sd 2:0:1:0: Attached scsi generic sg1 type 0
[   84.911899] sd 2:0:1:0: [sdb] Write Protect is off
[   85.110299] sd 2:0:1:0: [sdb] Incomplete mode parameter data
[   85.319384] sd 2:0:1:0: [sdb] Assuming drive cache: write through
[   85.530071] sd 2:0:1:0: [sdb] Attached SCSI disk
Begin: Loading e[   87.404104] md: linear personality registered for level -1
ssential drivers[   87.653069] md: multipath personality registered for level -4
 ... [   87.883551] md: raid0 personality registered for level 0
[   88.086286] md: raid1 personality registered for level 1
[   88.359251] raid6: sse2x1   gen()  3982 MB/s
[   88.583161] raid6: sse2x1   xor()  2526 MB/s
[   88.803803] raid6: sse2x2   gen()  4640 MB/s
[   89.027203] raid6: sse2x2   xor()  3276 MB/s
[   89.247027] raid6: sse2x4   gen()  5141 MB/s
[   89.467156] raid6: sse2x4   xor()  4043 MB/s
[   89.620296] raid6: using algorithm sse2x4 gen() 5141 MB/s
[   89.821600] raid6: .... xor() 4043 MB/s, rmw enabled
[   90.003556] raid6: using ssse3x2 recovery algorithm
[   90.186414] xor: automatically using best checksumming function:
[   90.451165]    avx       :  9244.000 MB/sec
[   90.615050] async_tx: api initialized (async)
[   90.787655] md: raid6 personality registered for level 6
[   90.987131] md: raid5 personality registered for level 5
[   91.181739] md: raid4 personality registered for level 4
[   91.389289] md: raid10 personality registered for level 10
done.
Begin: Running /scripts/init-premount ...[   91.673361] Btrfs loaded
 done.
Begin: Mounting root file system ... Beg[   91.826197] EXT4-fs (sda1): INFO: recovery required on readonly filesystem
in: Running /scr[   92.111104] EXT4-fs (sda1): write access will be enabled during recovery
ipts/local-top ... done.
Begin:[   92.438358] EXT4-fs (sda1): orphan cleanup on readonly fs
 Running /script[   92.668785] EXT4-fs (sda1): 1 orphan inode deleted
s/local-premount[   92.878077] EXT4-fs (sda1): recovery complete
 ... Scanning fo[   93.080880] EXT4-fs (sda1): mounted filesystem with ordered data mode. Opts: (null)
r Btrfs filesystems
done.
Warning: fsck not present, so skipping root file system
done.
Begin: Running /scripts/local-bottom ... done.
Begin: Running /scripts/init-bottom ... done.
[   93.666906] systemd[1]: systemd 229 running in system mode. (+PAM +AUDIT +SELINUX +IMA +APPARMOR +SMACK +SYSVINIT +UTMP +LIBCRYPTSETUP +GCRYPT +GNUTLS +ACL +XZ -LZ4 +SECCOMP +BLKID +ELFUTILS +KMOD -IDN)
[   94.436909] systemd[1]: Detected virtualization oracle.
[   94.654709] systemd[1]: Detected architecture x86-64.
[   94.870529] random: nonblocking pool is initialized

Welcome to [1mUbuntu 16.04.5 LTS[0m!

[   95.132806] systemd[1]: Set hostname to <db>.
[   95.584312] systemd[1]: Reached target Swap.
[[0;32m  OK  [0m] Reached target Swap.
[   95.816914] systemd[1]: Started Forward Password Requests to Wall Directory Watch.
[[0;32m  OK  [0m] Started Forward Password Requests to Wall Directory Watch.
[   96.236124] systemd[1]: Listening on Journal Audit Socket.
[[0;32m  OK  [0m] Listening on Journal Audit Socket.
[   96.535897] systemd[1]: Listening on udev Control Socket.
[[0;32m  OK  [0m] Listening on udev Control Socket.
[   96.827677] systemd[1]: Listening on Journal Socket.
[[0;32m  OK  [0m] Listening on Journal Socket.
[   97.095946] systemd[1]: Reached target Encrypted Volumes.
[[0;32m  OK  [0m] Reached target Encrypted Volumes.
[   97.404558] systemd[1]: Listening on Device-mapper event daemon FIFOs.
[[0;32m  OK  [0m] Listening on Device-mapper event daemon FIFOs.
[   97.764211] systemd[1]: Reached target System Time Synchronized.
[[0;32m  OK  [0m] Reached target System Time Synchronized.
[   98.100108] systemd[1]: Listening on /dev/initctl Compatibility Named Pipe.
[[0;32m  OK  [0m] Listening on /dev/initctl Compatibility Named Pipe.
[   98.488577] systemd[1]: Created slice System Slice.
[[0;32m  OK  [0m] Created slice System Slice.
[   98.768212] systemd[1]: Mounting POSIX Message Queue File System...
         Mounting POSIX Message Queue File System...
[   99.107620] systemd[1]: Starting Uncomplicated firewall...
         Starting Uncomplicated firewall...
[   99.395511] systemd[1]: Starting Set console keymap...
         Starting Set console keymap...
[   99.631918] systemd[1]: Listening on LVM2 poll daemon socket.
[[0;32m  OK  [0m] Listening on LVM2 poll daemon socket.
[   99.967536] systemd[1]: Starting Remount Root and Kernel File Systems...
[   99.977569] EXT4-fs (sda1): re-mounted. Opts: (null)
         Starting Remount Root and Kernel File Systems...
[  100.507711] systemd[1]: Started Trigger resolvconf update for networkd DNS.
[[0;32m  OK  [0m] Started Trigger resolvconf update for networkd DNS.
[  100.865072] systemd[1]: Listening on Syslog Socket.
[[0;32m  OK  [0m] Listening on Syslog Socket.
[  101.149275] systemd[1]: Listening on LVM2 metadata daemon socket.
[[0;32m  OK  [0m] Listening on LVM2 metadata daemon socket.
[  101.533339] systemd[1]: Starting Monitoring of LVM2 mirrors, snapshots etc. using dmeventd or progress polling...
         Starting Monitoring of LVM2 mirrors... dmeventd or progress polling...
[  102.087455] systemd[1]: Starting Nameserver information manager...
         Starting Nameserver information manager...
[  102.423799] systemd[1]: Mounting Huge Pages File System...
         Mounting Huge Pages File System...
[  102.715417] systemd[1]: Starting Create list of required static device nodes for the current kernel...
         Starting Create list of required st... nodes for the current kernel...
[  103.183334] systemd[1]: Listening on udev Kernel Socket.
[[0;32m  OK  [0m] Listening on udev Kernel Socket.
[  103.492657] systemd[1]: Created slice User and Session Slice.
[[0;32m  OK  [0m] Created slice User and Session Slice.
[  103.816789] systemd[1]: Created slice system-serial\x2dgetty.slice.
[[0;32m  OK  [0m] Created slice system-serial\x2dgetty.slice.
[  104.175489] systemd[1]: Starting Load Kernel Modules...
[  104.327445] Loading iSCSI transport class v2.0-870.
         Startin[  104.527560] iscsi: registered transport (tcp)
g Load Kernel Modules...
[  104.735199] systemd[1]: Reached target User and Group Name Lookups.
[  104.929399] iscsi: registered transport (iser)
[[0;32m  OK  [0m] Reached target User and Group Name Lookups.
[  105.202618] systemd[1]: Listening on Journal Socket (/dev/log).
[[0;32m  OK  [0m] Listening on Journal Socket (/dev/log).
[  105.544093] systemd[1]: Starting Journal Service...
         Starting Journal Service...
[  105.787623] systemd[1]: Mounting Debug File System...
         Mounting Debug File System...
[  106.041147] systemd[1]: Set up automount Arbitrary Executable File Formats File System Automount Point.
[[0;32m  OK  [0m] Set up automount Arbitrary Executab...ats File System Automount Point.
[  106.510316] systemd[1]: Reached target Slices.
[[0;32m  OK  [0m] Reached target Slices.
[  106.766730] systemd[1]: Mounted Huge Pages File System.
[[0;32m  OK  [0m] Mounted Huge Pages File System.
[  107.063363] systemd[1]: Mounted POSIX Message Queue File System.
[[0;32m  OK  [0m] Mounted POSIX Message Queue File System.
[  107.383361] systemd[1]: Mounted Debug File System.
[[0;32m  OK  [0m] Mounted Debug File System.
[  107.656051] systemd[1]: Started Journal Service.
[[0;32m  OK  [0m] Started Journal Service.
[[0;32m  OK  [0m] Started Uncomplicated firewall.
[[0;32m  OK  [0m] Started Set console keymap.
[[0;32m  OK  [0m] Started Remount Root and Kernel File Systems.
[[0;32m  OK  [0m] Started Create list of required sta...ce nodes for the current kernel.
[[0;32m  OK  [0m] Started Load Kernel Modules.
[[0;32m  OK  [0m] Started Nameserver information manager.
[[0;32m  OK  [0m] Started LVM2 metadata daemon.
         Starting Apply Kernel Variables...
         Mounting FUSE Control File System...
         Starting Create Static Device Nodes in /dev...
         Starting udev Coldplug all Devices...
         Starting Load/Save Random Seed...
         Starting Flush Journal to Persistent Storage...
[[0;32m  OK  [0m] Mounted FUSE Control File System.
[[0;32m  OK  [0m] Started Monitoring of LVM2 mirrors,...ng dmeventd or progress polling.
[[0;32m  OK  [0m] Started Apply Kernel Variables.
[[0;32m  OK  [0m] Started Create Static Device Nodes in /dev.
[[0;32m  OK  [0m] Started Load/Save Random Seed.
[[0;32m  OK  [0m] Started udev Coldplug all Devices.
[[0;32m  OK  [0m] Started Flush Journal to Persistent Storage.
         Starting udev Kernel Device Manager...
[[0;32m  OK  [0m] Started udev Kernel Device Manager.
[[0;32m  OK  [0m] Started Dispatch Password Requests to Console Directory Watch.
[[0;32m  OK  [0m] Reached target Local File Systems (Pre).
[[0;32m  OK  [0m] Reached target Local File Systems.
         Starting Set console font and keymap...
         Starting Tell Plymouth To Write Out Runtime Data...
         Starting LSB: AppArmor initialization...
         Starting Initial cloud-init job (pre-networking)...
         Starting Create Volatile Files and Directories...
[[0;32m  OK  [0m] Started Set console font and keymap.
[[0;32m  OK  [0m] Started Tell Plymouth To Write Out Runtime Data.
[[0;32m  OK  [0m] Started Create Volatile Files and Directories.
[[0;32m  OK  [0m] Found device /dev/ttyS0.
[[0;32m  OK  [0m] Listening on Load/Save RF Kill Switch Status /dev/rfkill Watch.
         Starting Update UTMP about System Boot/Shutdown...
[[0;32m  OK  [0m] Created slice system-getty.slice.
[[0;32m  OK  [0m] Started LSB: AppArmor initialization.
[[0;32m  OK  [0m] Started Update UTMP about System Boot/Shutdown.
[   60.849689] cloud-init[662]: Cloud-init v. 18.3-9-g2e62cb8a-0ubuntu1~16.04.2 running 'init-local' at Tue, 11 Dec 2018 18:25:21 +0000. Up 60.40 seconds.
[[0;32m  OK  [0m] Started Initial cloud-init job (pre-networking).
[[0;32m  OK  [0m] Reached target Network (Pre).
[[0;32m  OK  [0m] Started ifup for enp0s3.
         Starting Raise network interfaces...
[[0;32m  OK  [0m] Started ifup for enp0s8.
[[0;32m  OK  [0m] Started Raise network interfaces.
[[0;32m  OK  [0m] Reached target Network.
         Starting Initial cloud-init job (metadata service crawler)...
[   62.880036] cloud-init[1054]: Cloud-init v. 18.3-9-g2e62cb8a-0ubuntu1~16.04.2 running 'init' at Tue, 11 Dec 2018 18:25:23 +0000. Up 62.33 seconds.
[[0;32m  OK  [0m] Started Initial cloud-init job (metadata service crawler).
[   63.110998] cloud-init[1054]: ci-info: ++++++++++++++++++++++++++++++++++++++Net device info+++++++++++++++++++++++++++++++++++++++
[   63.421453] cloud-init[1054]: ci-info: +--------+------+-----------------------------+---------------+--------+-------------------+
[   63.645350] cloud-init[1054]: ci-info: | Device |  Up  |           Address           |      Mask     | Scope  |     Hw-Address    |
[   63.848991] cloud-init[1054]: ci-info: +--------+------+-----------------------------+---------------+--------+-------------------+
[[   64.040218] cloud-init[1054]: ci-info: | enp0s3 | True |          10.0.2.15          | 255.255.255.0 | global | 02:f9:a5:f1:f1:2b |
[   64.040371] cloud-init[1054]: ci-info: | enp0s3 | True |  fe80::f9:a5ff:fef1:f12b/64 |       .       |  link  | 02:f9:a5:f1:f1:2b |
[   64.040577] cloud-init[1054]: ci-info: | enp0s8 | True |        192.168.56.102       | 255.255.255.0 | global | 08:00:27:b5:62:16 |
[   64.040642] cloud-init[1054]: ci-info: | enp0s8 | True | fe80::a00:27ff:feb5:6216/64 |       .       |  link  | 08:00:27:b5:62:16 |
[   64.040733] cloud-init[1054]: ci-info: |   lo   | True |          127.0.0.1          |   255.0.0.0   |  host  |         .         |
[   64.040861] cloud-init[1054]: ci-info: |   lo   | True |           ::1/128           |       .       |  host  |         .         |
[   64.040925] cloud-init[1054]: ci-info: +--------+------+-----------------------------+---------------+--------+-------------------+
[   64.040986] cloud-init[1054]: ci-info: ++++++++++++++++++++++++++++Route IPv4 info++++++++++++++++++++++++++++
[   64.041059] cloud-init[1054]: ci-info: +-------+--------------+----------+---------------+-----------+-------+
[   64.041122] cloud-init[1054]: ci-info: | Route | Destination  | Gateway  |    Genmask    | Interface | Flags |
[   64.041185] cloud-init[1054]: ci-info: +-------+--------------+----------+---------------+-----------+-------+
[   64.041247] cloud-init[1054]: ci-info: |   0   |   0.0.0.0    | 10.0.2.2 |    0.0.0.0    |   enp0s3  |   UG  |
[   64.041335] cloud-init[1054]: ci-info: |   1   |   10.0.2.0   | 0.0.0.0  | 255.255.255.0 |   enp0s3  |   U   |
[   64.041403] cloud-init[1054]: ci-info: |   2   | 192.168.56.0 | 0.0.0.0  | 255.255.255.0 |   enp0s8  |   U   |
[   64.041481] cloud-init[1054]: ci-info: +-------+--------------+----------+---------------+-----------+-------+
[   64.041572] cloud-init[1054]: ci-info: +++++++++++++++++++Route IPv6 info+++++++++++++++++++
[   64.041643] cloud-init[1054]: ci-info: +-------+-------------+---------+-----------+-------+
[   64.041803] cloud-init[1054]: ci-info: | Route | Destination | Gateway | Interface | Flags |
[   64.041872] cloud-init[1054]: ci-info: +-------+-------------+---------+-----------+-------+
[   64.041948] cloud-init[1054]: ci-info: |   0   |  fe80::/64  |    ::   |   enp0s3  |   U   |
[   64.042024] cloud-init[1054]: ci-info: |   1   |  fe80::/64  |    ::   |   enp0s8  |   U   |
[   64.042097] cloud-init[1054]: ci-info: |   4   |   ff00::/8  |    ::   |   enp0s3  |   U   |
[   64.042181] cloud-init[1054]: ci-info: |   5   |   ff00::/8  |    ::   |   enp0s8  |   U   |
[   64.042257] cloud-init[1054]: ci-info: +-------+-------------+---------+-----------+-------+
[0;32m  OK  [0m] Reached target System Initialization.
         Starting LXD - unix socket.
         Starting Socket activation for snappy daemon.
[[0;32m  OK  [0m] Listening on UUID daemon activation socket.
[[0;32m  OK  [0m] Started ACPI Events Check.
[[0;32m  OK  [0m] Reached target Paths.
[[0;32m  OK  [0m] Started Daily apt download activities.
[[0;32m  OK  [0m] Started Daily apt upgrade and clean activities.
[[0;32m  OK  [0m] Listening on D-Bus System Message Bus Socket.
[[0;32m  OK  [0m] Started Daily Cleanup of Temporary Directories.
[[0;32m  OK  [0m] Reached target Timers.
[[0;32m  OK  [0m] Listening on ACPID Listen Socket.
[[0;32m  OK  [0m] Reached target Network is Online.
         Starting iSCSI initiator daemon (iscsid)...
[[0;32m  OK  [0m] Reached target Cloud-config availability.
[[0;32m  OK  [0m] Listening on LXD - unix socket.
[[0;32m  OK  [0m] Listening on Socket activation for snappy daemon.
[[0;32m  OK  [0m] Started iSCSI initiator daemon (iscsid).
         Starting Login to default iSCSI targets...
[[0;32m  OK  [0m] Reached target Sockets.
[[0;32m  OK  [0m] Reached target Basic System.
[[0;32m  OK  [0m] Started Deferred execution scheduler.
[[0;32m  OK  [0m] Started FUSE filesystem for LXC.
         Starting System Logging Service...
[[0;32m  OK  [0m] Started Regular background program processing daemon.
[[0;32m  OK  [0m] Started Unattended Upgrades Shutdown.
         Starting LSB: MD monitoring daemon...
[[0;32m  OK  [0m] Started D-Bus System Message Bus.
[[0;32m  OK  [0m] Started ACPI event daemon.
         Starting LSB: Record successful boot for GRUB...
         Starting OpenBSD Secure Shell server...
         Starting Snappy daemon...
         Starting Accounts Service...
         Starting Login Service...
         Starting /etc/rc.local Compatibility...
         Starting Virtualbox guest utils...
         Starting LXD - container startup/shutdown...
[[0;32m  OK  [0m] Started System Logging Service.
[[0;32m  OK  [0m] Started Snappy daemon.
[[0;32m  OK  [0m] Started /etc/rc.local Compatibility.
[[0;32m  OK  [0m] Started LXD - container startup/shutdown.
[[0;32m  OK  [0m] Started OpenBSD Secure Shell server.
[[0;32m  OK  [0m] Started Login to default iSCSI targets.
[[0;32m  OK  [0m] Started LSB: Record successful boot for GRUB.
[[0;32m  OK  [0m] Started LSB: MD monitoring daemon.
         Starting Authenticate and Authorize Users to Run Privileged Tasks...
[[0;32m  OK  [0m] Reached target Remote File Systems (Pre).
[[0;32m  OK  [0m] Reached target Remote File Systems.
         Starting LSB: daemon to balance interrupts for SMP systems...
         Starting LSB: Set the CPU Frequency Scaling governor to "ondemand"...
         Starting Permit User Sessions...
         Starting LSB: automatic crash report generation...
         Starting Wait until snapd is fully seeded...
[[0;32m  OK  [0m] Started Virtualbox guest utils.
[[0;32m  OK  [0m] Started Permit User Sessions.
[[0;32m  OK  [0m] Started Wait until snapd is fully seeded.
[[0;32m  OK  [0m] Started Login Service.
[[0;32m  OK  [0m] Started Authenticate and Authorize Users to Run Privileged Tasks.
[[0;32m  OK  [0m] Started Accounts Service.
[[0;32m  OK  [0m] Started LSB: Set the CPU Frequency Scaling governor to "ondemand".
[[0;32m  OK  [0m] Started LSB: daemon to balance interrupts for SMP systems.
[[0;32m  OK  [0m] Created slice User Slice of vagrant.
[[0;32m  OK  [0m] Started Session 1 of user vagrant.
         Starting User Manager for UID 1000...
         Starting Apply the settings specified in cloud-config...
         Starting Hold until boot process finishes up...
         Starting Terminate Plymouth Boot Screen...
[[0;32m  OK  [0m] Started User Manager for UID 1000.
[[0;32m  OK  [0m] Started LSB: automatic crash report generation.
[[0;32m  OK  [0m] Started Hold until boot process finishes up.
[[0;32m  OK  [0m] Started Terminate Plymouth Boot Screen.
[[0;32m  OK  [0m] Started Serial Getty on ttyS0.
[   74.523024] cloud-init[1296]: Cloud-init v. 18.3-9-g2e62cb8a-0ubuntu1~16.04.2 running 'modules:config' at Tue, 11 Dec 2018 18:25:35 +0000. Up 74.32 seconds.
[[0;32m  OK  [0m] Started Getty on tty1.
[[0;32m  OK  [0m] Reached target Login Prompts.
         Starting Set console scheme...
[[0;32m  OK  [0m] Reached target Multi-User System.
[[0;32m  OK  [0m] Reached target Graphical Interface.
         Starting Update UTMP about System Runlevel Changes...
[[0;32m  OK  [0m] Started Apply the settings specified in cloud-config.
[[0;32m  OK  [0m] Started Set console scheme.
[[0;32m  OK  [0m] Started Update UTMP about System Runlevel Changes.
         Starting Execute cloud user/final scripts...
[   76.240200] cloud-init[1332]: Cloud-init v. 18.3-9-g2e62cb8a-0ubuntu1~16.04.2 running 'modules:final' at Tue, 11 Dec 2018 18:25:37 +0000. Up 76.05 seconds.
[   76.468288] cloud-init[1332]: Cloud-init v. 18.3-9-g2e62cb8a-0ubuntu1~16.04.2 finished at Tue, 11 Dec 2018 18:25:37 +0000. Datasource DataSourceNoCloud [seed=/dev/sdb][dsmode=net].  Up 76.22 seconds
[[0;32m  OK  [0m] Started Execute cloud user/final scripts.
[[0;32m  OK  [0m] Reached target Cloud-init target.

Ubuntu 16.04.5 LTS db ttyS0

db login: 